{"/home/alvaro/Documents/Proyectos/svelte/reservations/src/modules/calendar/utils/Week.ts": {"path":"/home/alvaro/Documents/Proyectos/svelte/reservations/src/modules/calendar/utils/Week.ts","all":false,"statementMap":{"0":{"start":{"line":1,"column":0},"end":{"line":1,"column":60}},"1":{"start":{"line":2,"column":0},"end":{"line":2,"column":55}},"2":{"start":{"line":3,"column":0},"end":{"line":3,"column":39}},"3":{"start":{"line":4,"column":0},"end":{"line":4,"column":41}},"4":{"start":{"line":5,"column":0},"end":{"line":5,"column":1}},"5":{"start":{"line":6,"column":0},"end":{"line":6,"column":0}},"6":{"start":{"line":7,"column":0},"end":{"line":7,"column":45}},"7":{"start":{"line":8,"column":0},"end":{"line":8,"column":37}},"8":{"start":{"line":9,"column":0},"end":{"line":9,"column":0}},"9":{"start":{"line":10,"column":0},"end":{"line":10,"column":4}},"10":{"start":{"line":11,"column":0},"end":{"line":11,"column":4}},"11":{"start":{"line":12,"column":0},"end":{"line":12,"column":1}}},"s":{"0":1,"1":1,"2":1,"3":1,"4":1,"5":1,"6":1,"7":0,"8":0,"9":0,"10":0,"11":0},"branchMap":{"0":{"type":"branch","line":2,"loc":{"start":{"line":2,"column":30},"end":{"line":5,"column":1}},"locations":[{"start":{"line":2,"column":30},"end":{"line":5,"column":1}}]}},"b":{"0":[1]},"fnMap":{"0":{"name":"getStartOfWeek","decl":{"start":{"line":2,"column":30},"end":{"line":5,"column":1}},"loc":{"start":{"line":2,"column":30},"end":{"line":5,"column":1}},"line":2},"1":{"name":"getWeekArray","decl":{"start":{"line":7,"column":28},"end":{"line":12,"column":1}},"loc":{"start":{"line":7,"column":28},"end":{"line":12,"column":1}},"line":7}},"f":{"0":1,"1":0}}
}
